Deleted file - C:\Users\casey\AppData\Local\Temp\.ses
C:\Users\casey\AppData\Local\Temp\021c29e2-766d-46c9-a2a7-322ca468ad4a.tmp
The process cannot access the file because it is being used by another process.
C:\Users\casey\AppData\Local\Temp\095a0147-fc04-45f3-81d4-304fc001b208.tmp
The process cannot access the file because it is being used by another process.
C:\Users\casey\AppData\Local\Temp\09ad9b87-57ff-4746-9e84-5ed34573e0b9.tmp
The process cannot access the file because it is being used by another process.
C:\Users\casey\AppData\Local\Temp\09dd0758-e30e-4632-9363-3033ddeda709.tmp
The process cannot access the file because it is being used by another process.
Deleted file - C:\Users\casey\AppData\Local\Temp\0b2bed42-2a03-4893-b59f-8f65d2ae18ce.tmp.ico
C:\Users\casey\AppData\Local\Temp\11f7e695-b591-4fa1-94e4-0e57de5ff10f.tmp.node
Access is denied.
C:\Users\casey\AppData\Local\Temp\126b310a-641f-43cf-9d1c-34656642a3ec.tmp
The process cannot access the file because it is being used by another process.
C:\Users\casey\AppData\Local\Temp\163ce1e7-7381-41db-84d0-003b4099fd2f.tmp
The process cannot access the file because it is being used by another process.
Deleted file - C:\Users\casey\AppData\Local\Temp\169a5db2-49c5-4711-8f77-d87d52bb92c2.tmp.ico
C:\Users\casey\AppData\Local\Temp\19988827-d00a-4b67-9a3c-26ed5ba680fe.tmp
The process cannot access the file because it is being used by another process.
C:\Users\casey\AppData\Local\Temp\21181c2d-dc00-4b20-96b4-48433b06e51f.tmp.node
Access is denied.
C:\Users\casey\AppData\Local\Temp\221c67a4-9f41-4781-9666-686db18faddb.tmp
The process cannot access the file because it is being used by another process.
Deleted file - C:\Users\casey\AppData\Local\Temp\2269df07-9692-4935-ad53-c459619845f0.tmp.ico
C:\Users\casey\AppData\Local\Temp\23c8af5b-5aba-4012-9ecc-966f9bfa802e.tmp
The process cannot access the file because it is being used by another process.
Deleted file - C:\Users\casey\AppData\Local\Temp\24897f78-58a3-4502-aa41-05f0cbd27af7.tmp.ico
Deleted file - C:\Users\casey\AppData\Local\Temp\25685ddf-a22e-4af9-a3a3-3be835087693.tmp.ico
C:\Users\casey\AppData\Local\Temp\2ba9663d-9024-4b58-b713-dde665a6a711.tmp
The process cannot access the file because it is being used by another process.
C:\Users\casey\AppData\Local\Temp\2c4d8a07-c739-4874-aaed-1eb5c190d867.tmp
The process cannot access the file because it is being used by another process.
Deleted file - C:\Users\casey\AppData\Local\Temp\2ebe81b2-1bc2-40f0-969f-f8f0832391c4.tmp.js
C:\Users\casey\AppData\Local\Temp\300e1ef1-dc86-4dc0-aff0-dd5079e37957.tmp
The process cannot access the file because it is being used by another process.
C:\Users\casey\AppData\Local\Temp\3a079a7e-29d7-4f3a-9719-16ccda556a43.tmp
The process cannot access the file because it is being used by another process.
C:\Users\casey\AppData\Local\Temp\3a14aa05-fd1b-45ed-90bd-f53226b3c1f6.tmp
The process cannot access the file because it is being used by another process.
C:\Users\casey\AppData\Local\Temp\3ccac29e-cac7-4a5e-be40-cd654efc9e1c.tmp
The process cannot access the file because it is being used by another process.
Deleted file - C:\Users\casey\AppData\Local\Temp\3e0e60d9-d323-42bf-9f9d-4016ac1a2a6d.tmp.ico
C:\Users\casey\AppData\Local\Temp\40d05c00-7fae-4cd1-af2c-c34aec0618b2.tmp
The process cannot access the file because it is being used by another process.
C:\Users\casey\AppData\Local\Temp\44e64a3f-6889-446e-a34f-f3f41491e245.tmp
The process cannot access the file because it is being used by another process.
C:\Users\casey\AppData\Local\Temp\456a8377-3d58-4130-ae84-f117021f9efa.tmp
The process cannot access the file because it is being used by another process.
C:\Users\casey\AppData\Local\Temp\4691f6ec-4bf2-4b8b-9f01-0b95f0d3f31a.tmp
The process cannot access the file because it is being used by another process.
C:\Users\casey\AppData\Local\Temp\500c278f-54e1-4d24-8c97-95872bdd76ee.tmp
The process cannot access the file because it is being used by another process.
C:\Users\casey\AppData\Local\Temp\539f8629-ed50-43df-821a-eefa65b47dcc.tmp
The process cannot access the file because it is being used by another process.
Deleted file - C:\Users\casey\AppData\Local\Temp\546912b6-b000-4fb5-b4ce-d174ad7b7ed8.tmp.ico
Deleted file - C:\Users\casey\AppData\Local\Temp\59f17771-4686-40a9-988b-1c911fb46a05.tmp.ico
C:\Users\casey\AppData\Local\Temp\5a7c5e87-2a3f-4886-9e5d-4c5977b36867.tmp
The process cannot access the file because it is being used by another process.
C:\Users\casey\AppData\Local\Temp\5acd70b6-c5e3-4654-99ab-ca6ca1f8d0f7.tmp
The process cannot access the file because it is being used by another process.
Deleted file - C:\Users\casey\AppData\Local\Temp\5d6acc85-1282-4987-96c5-8318f97aa5ef.tmp.ico
C:\Users\casey\AppData\Local\Temp\5f03e106-e491-41f9-a7db-bb6edd87adb9.tmp
The process cannot access the file because it is being used by another process.
C:\Users\casey\AppData\Local\Temp\5f3aa039-967c-4960-a38f-5a0669a0be11.tmp
The process cannot access the file because it is being used by another process.
Deleted file - C:\Users\casey\AppData\Local\Temp\5ff919e1-c394-4b0a-886d-b37c404d1a40.tmp.ico
C:\Users\casey\AppData\Local\Temp\64ff4e26-b567-4633-a006-d377d037bc1c.tmp
The process cannot access the file because it is being used by another process.
C:\Users\casey\AppData\Local\Temp\6676520c-b1df-453d-b8bc-7da34ab87e13.tmp
The process cannot access the file because it is being used by another process.
C:\Users\casey\AppData\Local\Temp\6af99843-c2fb-41be-92f8-a23e6d94393d.tmp
The process cannot access the file because it is being used by another process.
Deleted file - C:\Users\casey\AppData\Local\Temp\6dead1eb-dde4-455a-b512-e8d4eb24c194.tmp.ico
C:\Users\casey\AppData\Local\Temp\6f0f403f-e1f0-45d8-a191-6e8942d3d738.tmp
The process cannot access the file because it is being used by another process.
C:\Users\casey\AppData\Local\Temp\70150296-440c-4c71-b56f-29bce00ef782.tmp
The process cannot access the file because it is being used by another process.
Deleted file - C:\Users\casey\AppData\Local\Temp\723001c6-2ed1-4886-ba58-8e0b98ad332c.tmp.ico
C:\Users\casey\AppData\Local\Temp\7341cea5-1760-448d-a032-b4848daab71c.tmp
The process cannot access the file because it is being used by another process.
Deleted file - C:\Users\casey\AppData\Local\Temp\7c1b0dcd-aa91-476a-9294-6b8a4b25d885.tmp.ico
Deleted file - C:\Users\casey\AppData\Local\Temp\8028f351-892e-487d-b1cb-ba983c0eacc2.tmp.cjs
C:\Users\casey\AppData\Local\Temp\8981d22d-f702-4ad8-8012-95c762ad0454.tmp
The process cannot access the file because it is being used by another process.
C:\Users\casey\AppData\Local\Temp\8baf4198-2ae8-4cad-993b-8a833893dc89.tmp
The process cannot access the file because it is being used by another process.
Deleted file - C:\Users\casey\AppData\Local\Temp\9303cabb-e130-42cc-bd86-5dfba990d8f8.tmp.ico
Deleted file - C:\Users\casey\AppData\Local\Temp\a661113a-34f5-4d68-8426-3a6b3d02fda4.tmp.ico
Deleted file - C:\Users\casey\AppData\Local\Temp\a763c7c1-c4c5-4386-9258-c9c413d7420b.tmp.ico
C:\Users\casey\AppData\Local\Temp\a82c6e21-eedf-4aa9-a62f-73e839463a80.tmp
The process cannot access the file because it is being used by another process.
C:\Users\casey\AppData\Local\Temp\ace1597e-42ae-4974-bf0d-8557c7fcbcdf.tmp
The process cannot access the file because it is being used by another process.
C:\Users\casey\AppData\Local\Temp\aea1d4c2-db5f-449a-8c57-40f7f52382cd.tmp
The process cannot access the file because it is being used by another process.
C:\Users\casey\AppData\Local\Temp\af2d6244-c7be-4d88-909d-2a9b574f5228.tmp
The process cannot access the file because it is being used by another process.
C:\Users\casey\AppData\Local\Temp\b562db81-9c4f-44be-ae38-b78bd557dee0.tmp
The process cannot access the file because it is being used by another process.
C:\Users\casey\AppData\Local\Temp\b77d7aad-a3a2-4be2-80eb-db326c82fdf9.tmp
The process cannot access the file because it is being used by another process.
C:\Users\casey\AppData\Local\Temp\b7d847c7-431e-422b-9376-a1f4596da268.tmp
The process cannot access the file because it is being used by another process.
C:\Users\casey\AppData\Local\Temp\b972a65d-4ae7-4b12-914a-1ee90193e493.tmp
The process cannot access the file because it is being used by another process.
C:\Users\casey\AppData\Local\Temp\bb66c35e-d913-46e4-820d-7895cde97a1e.tmp.node
Access is denied.
Deleted file - C:\Users\casey\AppData\Local\Temp\bb822147-a78a-4a38-9c37-dadfdae38bef.tmp.ico
C:\Users\casey\AppData\Local\Temp\bedaaaa0-78de-409a-bb50-cfea94796803.tmp
The process cannot access the file because it is being used by another process.
C:\Users\casey\AppData\Local\Temp\c18d1f2c-e667-413e-8c75-653271689395.tmp
The process cannot access the file because it is being used by another process.
C:\Users\casey\AppData\Local\Temp\c82f0040-45da-42b2-9657-8856eeace6ab.tmp
The process cannot access the file because it is being used by another process.
Deleted file - C:\Users\casey\AppData\Local\Temp\c91be815-5191-451f-bd29-c6a177035837.tmp.ico
Deleted file - C:\Users\casey\AppData\Local\Temp\c9512b4a-2003-4975-b390-4d28b03e90e3.tmp.ico
Deleted file - C:\Users\casey\AppData\Local\Temp\c9d02640-fe99-46ff-b404-1a87931087f4.tmp.ico
C:\Users\casey\AppData\Local\Temp\cd330d58-9da6-46f0-b062-29715f332210.tmp
The process cannot access the file because it is being used by another process.
Deleted file - C:\Users\casey\AppData\Local\Temp\cv_debug.log
C:\Users\casey\AppData\Local\Temp\d765cd2d-e56f-49ce-a2b7-2b428e7c82f5.tmp
The process cannot access the file because it is being used by another process.
Deleted file - C:\Users\casey\AppData\Local\Temp\d77f0393-2abd-42e5-9156-d7990324a96b.tmp.ico
Deleted file - C:\Users\casey\AppData\Local\Temp\d7f570eb-040c-4e75-9d5f-f14ddda18fd6.tmp.ico
C:\Users\casey\AppData\Local\Temp\dba57dc8-641c-41d1-b8d5-7e2c42c77469.tmp
The process cannot access the file because it is being used by another process.
Deleted file - C:\Users\casey\AppData\Local\Temp\dedc0922-160a-4d66-a863-1df280f2b232.tmp.ico
Deleted file - C:\Users\casey\AppData\Local\Temp\df6bfb75-0f0a-4e73-a71c-d6f021776b36.tmp.ico
Deleted file - C:\Users\casey\AppData\Local\Temp\e1dade06-d15c-4740-a2ab-1796e3baab67.tmp.ico
Deleted file - C:\Users\casey\AppData\Local\Temp\e29661c3-e085-4ef1-b16f-0ccac93ec81b.tmp.ico
Deleted file - C:\Users\casey\AppData\Local\Temp\e2979fa5-8999-444f-87bf-6bb16818ca18.tmp.ico
C:\Users\casey\AppData\Local\Temp\e353c984-c4bf-4507-bb77-0ffa0da34f9b.tmp
The process cannot access the file because it is being used by another process.
Deleted file - C:\Users\casey\AppData\Local\Temp\e96054f7-a898-4769-836b-7c345df2e435.tmp.ico
C:\Users\casey\AppData\Local\Temp\e9a07d69-61f7-4ebe-86f3-f03aed585bda.tmp
The process cannot access the file because it is being used by another process.
C:\Users\casey\AppData\Local\Temp\e9d42910-f913-4de0-bfd5-9d58646ecf7c.tmp
The process cannot access the file because it is being used by another process.
C:\Users\casey\AppData\Local\Temp\ec121501-d1ef-4413-8136-0d7039252892.tmp
The process cannot access the file because it is being used by another process.
C:\Users\casey\AppData\Local\Temp\f5369d8f-2da7-4932-bdef-7d7a71badeca.tmp
The process cannot access the file because it is being used by another process.
C:\Users\casey\AppData\Local\Temp\fac13b10-2ef3-4205-82de-673445a1e05f.tmp
The process cannot access the file because it is being used by another process.
C:\Users\casey\AppData\Local\Temp\fbbe1a2f-f3bc-44b1-8433-0a6c68e9d2a7.tmp
The process cannot access the file because it is being used by another process.
Deleted file - C:\Users\casey\AppData\Local\Temp\fbe76a56-3059-4dd5-bab2-a5e5fe473525.tmp.ico
C:\Users\casey\AppData\Local\Temp\fd0e7057-d140-43b8-931f-4fcd8e467c01.tmp
The process cannot access the file because it is being used by another process.
Deleted file - C:\Users\casey\AppData\Local\Temp\ffc30f2e-5cf8-4c40-a620-dc5e1ea61328.tmp.ico
C:\Users\casey\AppData\Local\Temp\pdf24.exe.stdout._0_65890_4123805300.log
The process cannot access the file because it is being used by another process.
C:\Users\casey\AppData\Local\Temp\todoPCTrans_CleanGenius.log
The process cannot access the file because it is being used by another process.
